<?xml version="1.0" encoding="UTF-8"?>
<testsuite errors="0" failures="0" name="TestSuit.product_pricing.changes_in_price_n_products.TestLoginToUI_1-20160819124631" skipped="0" tests="1" time="87.233">
	<testcase classname="TestSuit.product_pricing.changes_in_price_n_products.TestLoginToUI_1" name="test_testLogin" time="87.233"/>
	<system-out>
<![CDATA[Testing Product assortment - Cumulative Rating
Waiting for page to load
Waiting for page to load
Waiting for page to load
Page loading complete
Waiting for page to load
Waiting for page to load
Waiting for page to load
Page loading complete
Waiting for page to load
Waiting for page to load
Waiting for page to load
Waiting for page to load
Waiting for page to load
Page loading complete
Checking if URL is correct
[(<frame object at 0x7fd02af7ec50>, '/Users/abhimanyudutta/repos/CrimeMasterGogo/src/testResults.py', 6, 'getCurrentTestSuit', ['    print inspect.stack()\n'], 0), (<frame object at 0x7fd02ac2a180>, '/Users/abhimanyudutta/repos/CrimeMasterGogo/src/testResults.py', 17, 'passed', ['        self._report[test] = (1,getCurrentTestSuit())\n'], 0), (<frame object at 0x10d7535c0>, '/Users/abhimanyudutta/repos/CrimeMasterGogo/TestSuit/product_pricing/changes_in_price_n_products.py', 22, 'test_testLogin', ["        testResults.passed('Testing Product pricing - Changes In Price and Products - URL')\n"], 0), (<frame object at 0x7fd02af6fbb0>, '/System/Library/Frameworks/Python.framework/Versions/2.7/lib/python2.7/unittest/case.py', 331, 'run', ['                    testMethod()\n'], 0), (<frame object at 0x10d7533f0>, '/System/Library/Frameworks/Python.framework/Versions/2.7/lib/python2.7/unittest/case.py', 395, '__call__', ['        return self.run(*args, **kwds)\n'], 0), (<frame object at 0x10ced9bf0>, '/System/Library/Frameworks/Python.framework/Versions/2.7/lib/python2.7/unittest/suite.py', 108, 'run', ['                test(result)\n'], 0), (<frame object at 0x10d753220>, '/System/Library/Frameworks/Python.framework/Versions/2.7/lib/python2.7/unittest/suite.py', 70, '__call__', ['        return self.run(*args, **kwds)\n'], 0), (<frame object at 0x10ced9a00>, '/System/Library/Frameworks/Python.framework/Versions/2.7/lib/python2.7/unittest/suite.py', 108, 'run', ['                test(result)\n'], 0), (<frame object at 0x10d753050>, '/System/Library/Frameworks/Python.framework/Versions/2.7/lib/python2.7/unittest/suite.py', 70, '__call__', ['        return self.run(*args, **kwds)\n'], 0), (<frame object at 0x10ced9810>, '/System/Library/Frameworks/Python.framework/Versions/2.7/lib/python2.7/unittest/suite.py', 108, 'run', ['                test(result)\n'], 0), (<frame object at 0x10cf33d00>, '/System/Library/Frameworks/Python.framework/Versions/2.7/lib/python2.7/unittest/suite.py', 70, '__call__', ['        return self.run(*args, **kwds)\n'], 0), (<frame object at 0x7fd02e04e810>, '/Library/Python/2.7/site-packages/unittest_xml_reporting-2.1.0-py2.7.egg/xmlrunner/runner.py', 66, 'run', ['            test(result)\n'], 0), (<frame object at 0x10cf2d938>, '/System/Library/Frameworks/Python.framework/Versions/2.7/lib/python2.7/threading.py', 763, 'run', ['                self.__target(*self.__args, **self.__kwargs)\n'], 0), (<frame object at 0x7fd02e054fe0>, '/System/Library/Frameworks/Python.framework/Versions/2.7/lib/python2.7/threading.py', 810, '__bootstrap_inner', ['                self.run()\n'], 0), (<frame object at 0x10cf2d770>, '/System/Library/Frameworks/Python.framework/Versions/2.7/lib/python2.7/threading.py', 783, '__bootstrap', ['            self.__bootstrap_inner()\n'], 0)]
]]>	</system-out>
	<system-err>
<![CDATA[]]>	</system-err>
</testsuite>
